<?xml version="1.0" encoding="UTF-8"?>
<beans xmlns="http://www.springframework.org/schema/beans"
  xmlns:xsi="http://www.w3.org/2001/XMLSchema-instance"
  xsi:schemaLocation="http://www.springframework.org/schema/beans http://www.springframework.org/schema/beans/spring-beans-2.0.xsd">

  <bean
    class="org.springframework.beans.factory.config.PropertyPlaceholderConfigurer">
    <property name="locations" value="classpath:algorithm.properties" />
  </bean>

  <bean id="algorithm"
    class="ki.edu.agh.algorithm.SequentialDeteriorationEAWithOpticsClustering">
    <property name="problemDomain">
      <bean class="ki.edu.agh.problem.MultimodalRealSpaceProblem">
        <!-- set domain and functor -->
        <property name="domain">
          <bean class="ki.edu.agh.problem.Domain">
            <property name="multidimensionalCube">
              <list>
                <!-- first dimension interval -->
                <bean class="ki.edu.agh.problem.Interval">
                  <constructor-arg value="-2." />
                  <constructor-arg value="4." />
                </bean>
                <!-- second dimension interval -->
                <bean class="ki.edu.agh.problem.Interval">
                  <constructor-arg value="-2." />
                  <constructor-arg value="4." />
                </bean>
              </list>
            </property>
          </bean>
        </property>
        <property name="fitnessFunction">
          <bean class="ki.edu.agh.fintess.StandardFitnessFunction">
            <constructor-arg>
              <bean class="ki.edu.agh.functors.BiModalFunction" />
            </constructor-arg>
          </bean>
        </property>
        <!-- specify if the the problem is minimization or maximization -->
        <property name="minimization" value="false" />
      </bean>
    </property>

    <property name="iterationCount" value="${algorithm.iterationCount}" />

    <!-- clustering algorithm -->
    <property name="clusteringAlgorithm">
      <bean class="ki.edu.agh.clustering.optics.OpticsClustering">
        <constructor-arg>
          <bean
            class="ki.edu.agh.clustering.optics.OpticsParamteres">
            <property name="minPoints" value="${optics.min_pts}" />
            <!-- problem's domain dependent -->
            <property name="epsilon" value="${optics.eps}" />
          </bean>
        </constructor-arg>
      </bean>
    </property>

    <!-- specifies evolutionary algorithm used -->
    <property name="evolutionaryAlgorithm" ref="sga" />

    <!-- fitness deterioration algorithm -->
    <property name="fitnessDeterioration">
      <bean
        class="ki.edu.agh.deterioration.SimpleGaussianFitnessDeterioration" />
    </property>
  </bean>

  <bean id="sga" class="ki.edu.agh.evolutionary.algorithm.SGA">
    <!-- SGA configuration -->
  </bean>
</beans>

